[2021-06-12T09:22:37+08:00][sql] CONNECT:[ UseTime:0.022126s ] mysql:host=localhost;port=3306;dbname=course;charset=utf8
[2021-06-12T09:22:37+08:00][sql] SELECT * FROM `admin_user` WHERE  `name` = 'admin' LIMIT 1 [ RunTime:0.003513s ]
[2021-06-12T09:22:37+08:00][sql] SELECT * FROM `admin_user` WHERE  `id` = 1 LIMIT 1 [ RunTime:0.000281s ]
[2021-06-12T09:22:37+08:00][sql] UPDATE `admin_user`  SET `lastlogin` = '2021-06-12 09:22:37'  WHERE  `id` = 1 [ RunTime:0.002028s ]
[2021-06-12T09:22:41+08:00][sql] CONNECT:[ UseTime:0.020090s ] mysql:host=localhost;port=3306;dbname=course;charset=utf8
[2021-06-12T09:22:41+08:00][sql] SHOW FULL COLUMNS FROM `course` [ RunTime:0.002439s ]
[2021-06-12T09:22:41+08:00][sql] SELECT * FROM `course` [ RunTime:0.000320s ]
[2021-06-12T09:22:48+08:00][sql] CONNECT:[ UseTime:0.001797s ] mysql:host=localhost;port=3306;dbname=course;charset=utf8
[2021-06-12T09:22:48+08:00][sql] SELECT * FROM `admin_user` [ RunTime:0.001845s ]
[2021-06-12T09:22:49+08:00][sql] CONNECT:[ UseTime:0.018205s ] mysql:host=localhost;port=3306;dbname=course;charset=utf8
[2021-06-12T09:22:49+08:00][sql] SELECT * FROM `admin_user` [ RunTime:0.002181s ]
[2021-06-12T09:22:50+08:00][sql] CONNECT:[ UseTime:0.011830s ] mysql:host=localhost;port=3306;dbname=course;charset=utf8
[2021-06-12T09:22:50+08:00][sql] SHOW FULL COLUMNS FROM `course` [ RunTime:0.002055s ]
[2021-06-12T09:22:50+08:00][sql] SELECT * FROM `course` [ RunTime:0.000325s ]
[2021-06-12T09:24:29+08:00][sql] CONNECT:[ UseTime:0.015313s ] mysql:host=localhost;port=3306;dbname=course;charset=utf8
[2021-06-12T09:24:29+08:00][sql] SELECT * FROM `admin_user` [ RunTime:0.001914s ]
[2021-06-12T09:24:34+08:00][sql] CONNECT:[ UseTime:0.011729s ] mysql:host=localhost;port=3306;dbname=course;charset=utf8
[2021-06-12T09:24:34+08:00][sql] SHOW FULL COLUMNS FROM `course` [ RunTime:0.000670s ]
[2021-06-12T09:24:34+08:00][sql] SELECT * FROM `course` [ RunTime:0.000288s ]
[2021-06-12T09:25:49+08:00][sql] CONNECT:[ UseTime:0.018867s ] mysql:host=localhost;port=3306;dbname=course;charset=utf8
[2021-06-12T09:25:49+08:00][sql] SHOW FULL COLUMNS FROM `course` [ RunTime:0.002188s ]
[2021-06-12T09:25:49+08:00][sql] SELECT * FROM `course` [ RunTime:0.000345s ]
[2021-06-12T09:25:51+08:00][sql] CONNECT:[ UseTime:0.012895s ] mysql:host=localhost;port=3306;dbname=course;charset=utf8
[2021-06-12T09:25:51+08:00][sql] SHOW FULL COLUMNS FROM `course` [ RunTime:0.002088s ]
[2021-06-12T09:25:51+08:00][sql] SELECT * FROM `course` [ RunTime:0.000318s ]
[2021-06-12T09:26:12+08:00][sql] CONNECT:[ UseTime:0.016822s ] mysql:host=localhost;port=3306;dbname=course;charset=utf8
[2021-06-12T09:26:12+08:00][sql] SHOW FULL COLUMNS FROM `course` [ RunTime:0.002433s ]
[2021-06-12T09:26:12+08:00][sql] SELECT * FROM `course` [ RunTime:0.000301s ]
[2021-06-12T09:26:13+08:00][sql] CONNECT:[ UseTime:0.022603s ] mysql:host=localhost;port=3306;dbname=course;charset=utf8
[2021-06-12T09:26:13+08:00][sql] SHOW FULL COLUMNS FROM `course` [ RunTime:0.002718s ]
[2021-06-12T09:26:13+08:00][sql] SELECT * FROM `course` [ RunTime:0.000234s ]
[2021-06-12T09:27:34+08:00][sql] CONNECT:[ UseTime:0.013686s ] mysql:host=localhost;port=3306;dbname=course;charset=utf8
[2021-06-12T09:27:34+08:00][sql] SHOW FULL COLUMNS FROM `course` [ RunTime:0.002223s ]
[2021-06-12T09:27:34+08:00][sql] SELECT * FROM `course` [ RunTime:0.000302s ]
[2021-06-12T09:29:58+08:00][sql] CONNECT:[ UseTime:0.002403s ] mysql:host=localhost;port=3306;dbname=course;charset=utf8
[2021-06-12T09:29:58+08:00][sql] SHOW FULL COLUMNS FROM `course` [ RunTime:0.000580s ]
[2021-06-12T09:29:58+08:00][sql] SELECT * FROM `course` [ RunTime:0.000299s ]
[2021-06-12T09:30:03+08:00][sql] CONNECT:[ UseTime:0.014888s ] mysql:host=localhost;port=3306;dbname=course;charset=utf8
[2021-06-12T09:30:03+08:00][sql] SHOW FULL COLUMNS FROM `course` [ RunTime:0.002096s ]
[2021-06-12T09:30:03+08:00][sql] SELECT * FROM `course` [ RunTime:0.000318s ]
[2021-06-12T09:30:04+08:00][sql] CONNECT:[ UseTime:0.003294s ] mysql:host=localhost;port=3306;dbname=course;charset=utf8
[2021-06-12T09:30:04+08:00][sql] SELECT * FROM `admin_user` [ RunTime:0.001949s ]
[2021-06-12T09:30:08+08:00][sql] CONNECT:[ UseTime:0.025569s ] mysql:host=localhost;port=3306;dbname=course;charset=utf8
[2021-06-12T09:30:08+08:00][sql] SELECT * FROM `admin_user` WHERE  `id` = 3 LIMIT 1 [ RunTime:0.001839s ]
[2021-06-12T09:30:08+08:00][sql] DELETE FROM `admin_user` WHERE  `id` = 3 [ RunTime:0.000359s ]
[2021-06-12T09:30:09+08:00][sql] CONNECT:[ UseTime:0.015370s ] mysql:host=localhost;port=3306;dbname=course;charset=utf8
[2021-06-12T09:30:09+08:00][sql] SELECT * FROM `admin_user` [ RunTime:0.000382s ]
[2021-06-12T09:30:14+08:00][sql] CONNECT:[ UseTime:0.000966s ] mysql:host=localhost;port=3306;dbname=course;charset=utf8
[2021-06-12T09:30:14+08:00][sql] SHOW FULL COLUMNS FROM `course` [ RunTime:0.002482s ]
[2021-06-12T09:30:14+08:00][sql] SELECT * FROM `course` [ RunTime:0.000627s ]
[2021-06-12T09:32:06+08:00][sql] CONNECT:[ UseTime:0.012217s ] mysql:host=localhost;port=3306;dbname=course;charset=utf8
[2021-06-12T09:32:06+08:00][sql] SHOW FULL COLUMNS FROM `course` [ RunTime:0.002139s ]
[2021-06-12T09:32:06+08:00][sql] SELECT * FROM `course` [ RunTime:0.000301s ]
[2021-06-12T09:32:07+08:00][sql] CONNECT:[ UseTime:0.019865s ] mysql:host=localhost;port=3306;dbname=course;charset=utf8
[2021-06-12T09:32:07+08:00][sql] SHOW FULL COLUMNS FROM `course` [ RunTime:0.002094s ]
[2021-06-12T09:32:07+08:00][sql] SELECT * FROM `course` [ RunTime:0.000295s ]
[2021-06-12T09:32:08+08:00][sql] CONNECT:[ UseTime:0.015785s ] mysql:host=localhost;port=3306;dbname=course;charset=utf8
[2021-06-12T09:32:08+08:00][sql] SELECT * FROM `admin_user` [ RunTime:0.002347s ]
[2021-06-12T09:32:09+08:00][sql] CONNECT:[ UseTime:0.012626s ] mysql:host=localhost;port=3306;dbname=course;charset=utf8
[2021-06-12T09:32:09+08:00][sql] SHOW FULL COLUMNS FROM `course` [ RunTime:0.002179s ]
[2021-06-12T09:32:09+08:00][sql] SELECT * FROM `course` [ RunTime:0.000322s ]
[2021-06-12T09:32:10+08:00][sql] CONNECT:[ UseTime:0.024689s ] mysql:host=localhost;port=3306;dbname=course;charset=utf8
[2021-06-12T09:32:10+08:00][sql] SHOW FULL COLUMNS FROM `course` [ RunTime:0.000804s ]
[2021-06-12T09:32:10+08:00][sql] SELECT * FROM `course` [ RunTime:0.000287s ]
[2021-06-12T09:32:10+08:00][sql] CONNECT:[ UseTime:0.018551s ] mysql:host=localhost;port=3306;dbname=course;charset=utf8
[2021-06-12T09:32:10+08:00][sql] SELECT * FROM `admin_user` [ RunTime:0.002018s ]
[2021-06-12T09:32:11+08:00][sql] CONNECT:[ UseTime:0.017998s ] mysql:host=localhost;port=3306;dbname=course;charset=utf8
[2021-06-12T09:32:11+08:00][sql] SELECT * FROM `admin_user` [ RunTime:0.002033s ]
[2021-06-12T09:32:12+08:00][sql] CONNECT:[ UseTime:0.002676s ] mysql:host=localhost;port=3306;dbname=course;charset=utf8
[2021-06-12T09:32:12+08:00][sql] SELECT * FROM `admin_user` [ RunTime:0.002206s ]
[2021-06-12T09:32:13+08:00][sql] CONNECT:[ UseTime:0.003106s ] mysql:host=localhost;port=3306;dbname=course;charset=utf8
[2021-06-12T09:32:13+08:00][sql] SHOW FULL COLUMNS FROM `course` [ RunTime:0.000746s ]
[2021-06-12T09:32:13+08:00][sql] SELECT * FROM `course` [ RunTime:0.000336s ]
[2021-06-12T09:32:13+08:00][sql] CONNECT:[ UseTime:0.011666s ] mysql:host=localhost;port=3306;dbname=course;charset=utf8
[2021-06-12T09:32:13+08:00][sql] SELECT * FROM `admin_user` [ RunTime:0.002052s ]
[2021-06-12T09:32:14+08:00][sql] CONNECT:[ UseTime:0.001703s ] mysql:host=localhost;port=3306;dbname=course;charset=utf8
[2021-06-12T09:32:14+08:00][sql] SHOW FULL COLUMNS FROM `course` [ RunTime:0.000654s ]
[2021-06-12T09:32:14+08:00][sql] SELECT * FROM `course` [ RunTime:0.000286s ]
[2021-06-12T09:32:14+08:00][sql] CONNECT:[ UseTime:0.000858s ] mysql:host=localhost;port=3306;dbname=course;charset=utf8
[2021-06-12T09:32:14+08:00][sql] SELECT * FROM `admin_user` [ RunTime:0.001906s ]
[2021-06-12T09:32:14+08:00][sql] CONNECT:[ UseTime:0.003760s ] mysql:host=localhost;port=3306;dbname=course;charset=utf8
[2021-06-12T09:32:14+08:00][sql] SELECT * FROM `admin_user` [ RunTime:0.000438s ]
[2021-06-12T09:32:15+08:00][sql] CONNECT:[ UseTime:0.019454s ] mysql:host=localhost;port=3306;dbname=course;charset=utf8
[2021-06-12T09:32:15+08:00][sql] SELECT * FROM `admin_user` [ RunTime:0.001371s ]
[2021-06-12T09:32:16+08:00][sql] CONNECT:[ UseTime:0.020447s ] mysql:host=localhost;port=3306;dbname=course;charset=utf8
[2021-06-12T09:32:16+08:00][sql] SHOW FULL COLUMNS FROM `course` [ RunTime:0.002095s ]
[2021-06-12T09:32:16+08:00][sql] SELECT * FROM `course` [ RunTime:0.000342s ]
[2021-06-12T09:32:17+08:00][sql] CONNECT:[ UseTime:0.012158s ] mysql:host=localhost;port=3306;dbname=course;charset=utf8
[2021-06-12T09:32:17+08:00][sql] SELECT * FROM `admin_user` [ RunTime:0.001851s ]
[2021-06-12T09:32:18+08:00][sql] CONNECT:[ UseTime:0.012667s ] mysql:host=localhost;port=3306;dbname=course;charset=utf8
[2021-06-12T09:32:18+08:00][sql] SHOW FULL COLUMNS FROM `course` [ RunTime:0.000702s ]
[2021-06-12T09:32:18+08:00][sql] SELECT * FROM `course` [ RunTime:0.000299s ]
[2021-06-12T09:32:19+08:00][sql] CONNECT:[ UseTime:0.022230s ] mysql:host=localhost;port=3306;dbname=course;charset=utf8
[2021-06-12T09:32:19+08:00][sql] SELECT * FROM `admin_user` [ RunTime:0.000341s ]
[2021-06-12T09:32:20+08:00][sql] CONNECT:[ UseTime:0.022899s ] mysql:host=localhost;port=3306;dbname=course;charset=utf8
[2021-06-12T09:32:20+08:00][sql] SHOW FULL COLUMNS FROM `course` [ RunTime:0.001280s ]
[2021-06-12T09:32:20+08:00][sql] SELECT * FROM `course` [ RunTime:0.000395s ]
[2021-06-12T09:32:21+08:00][sql] CONNECT:[ UseTime:0.011460s ] mysql:host=localhost;port=3306;dbname=course;charset=utf8
[2021-06-12T09:32:21+08:00][sql] SHOW FULL COLUMNS FROM `course` [ RunTime:0.000702s ]
[2021-06-12T09:32:21+08:00][sql] SELECT * FROM `course` [ RunTime:0.000283s ]
[2021-06-12T09:32:21+08:00][sql] CONNECT:[ UseTime:0.013507s ] mysql:host=localhost;port=3306;dbname=course;charset=utf8
[2021-06-12T09:32:21+08:00][sql] SHOW FULL COLUMNS FROM `course` [ RunTime:0.000689s ]
[2021-06-12T09:32:21+08:00][sql] SELECT * FROM `course` [ RunTime:0.000300s ]
[2021-06-12T09:37:10+08:00][sql] CONNECT:[ UseTime:0.020700s ] mysql:host=localhost;port=3306;dbname=course;charset=utf8
[2021-06-12T09:37:10+08:00][sql] SHOW FULL COLUMNS FROM `course` [ RunTime:0.000787s ]
[2021-06-12T09:37:10+08:00][sql] SELECT * FROM `course` [ RunTime:0.000298s ]
[2021-06-12T09:37:19+08:00][sql] CONNECT:[ UseTime:0.003870s ] mysql:host=localhost;port=3306;dbname=course;charset=utf8
[2021-06-12T09:37:19+08:00][sql] SHOW FULL COLUMNS FROM `course` [ RunTime:0.000696s ]
[2021-06-12T09:37:19+08:00][sql] SELECT * FROM `course` [ RunTime:0.000323s ]
[2021-06-12T09:37:20+08:00][sql] CONNECT:[ UseTime:0.013179s ] mysql:host=localhost;port=3306;dbname=course;charset=utf8
[2021-06-12T09:37:20+08:00][sql] SHOW FULL COLUMNS FROM `course` [ RunTime:0.000693s ]
[2021-06-12T09:37:20+08:00][sql] SELECT * FROM `course` [ RunTime:0.000292s ]
[2021-06-12T09:37:21+08:00][sql] CONNECT:[ UseTime:0.016984s ] mysql:host=localhost;port=3306;dbname=course;charset=utf8
[2021-06-12T09:37:21+08:00][sql] SHOW FULL COLUMNS FROM `course` [ RunTime:0.000646s ]
[2021-06-12T09:37:21+08:00][sql] SELECT * FROM `course` [ RunTime:0.000313s ]
[2021-06-12T09:37:21+08:00][sql] CONNECT:[ UseTime:0.011254s ] mysql:host=localhost;port=3306;dbname=course;charset=utf8
[2021-06-12T09:37:21+08:00][sql] SHOW FULL COLUMNS FROM `course` [ RunTime:0.000647s ]
[2021-06-12T09:37:21+08:00][sql] SELECT * FROM `course` [ RunTime:0.000285s ]
[2021-06-12T09:37:21+08:00][sql] CONNECT:[ UseTime:0.022557s ] mysql:host=localhost;port=3306;dbname=course;charset=utf8
[2021-06-12T09:37:21+08:00][sql] SHOW FULL COLUMNS FROM `course` [ RunTime:0.000643s ]
[2021-06-12T09:37:21+08:00][sql] SELECT * FROM `course` [ RunTime:0.000284s ]
[2021-06-12T09:42:45+08:00][sql] CONNECT:[ UseTime:0.021362s ] mysql:host=localhost;port=3306;dbname=course;charset=utf8
[2021-06-12T09:42:45+08:00][sql] SHOW FULL COLUMNS FROM `course` [ RunTime:0.000671s ]
[2021-06-12T09:42:45+08:00][sql] SELECT * FROM `course` [ RunTime:0.000289s ]
[2021-06-12T09:42:46+08:00][sql] CONNECT:[ UseTime:0.015248s ] mysql:host=localhost;port=3306;dbname=course;charset=utf8
[2021-06-12T09:42:46+08:00][sql] SELECT * FROM `admin_user` [ RunTime:0.000368s ]
[2021-06-12T09:42:48+08:00][sql] CONNECT:[ UseTime:0.001079s ] mysql:host=localhost;port=3306;dbname=course;charset=utf8
[2021-06-12T09:42:48+08:00][sql] SHOW FULL COLUMNS FROM `course` [ RunTime:0.002322s ]
[2021-06-12T09:42:48+08:00][sql] SELECT * FROM `course` [ RunTime:0.000306s ]
[2021-06-12T10:02:18+08:00][sql] CONNECT:[ UseTime:0.017967s ] mysql:host=localhost;port=3306;dbname=course;charset=utf8
[2021-06-12T10:02:18+08:00][sql] SELECT * FROM `course` [ RunTime:0.000451s ]
[2021-06-12T10:02:19+08:00][sql] CONNECT:[ UseTime:0.012071s ] mysql:host=localhost;port=3306;dbname=course;charset=utf8
[2021-06-12T10:02:19+08:00][sql] SELECT * FROM `course` [ RunTime:0.000417s ]
[2021-06-12T10:02:21+08:00][sql] CONNECT:[ UseTime:0.010746s ] mysql:host=localhost;port=3306;dbname=course;charset=utf8
[2021-06-12T10:02:21+08:00][sql] SELECT * FROM `course` [ RunTime:0.000473s ]
[2021-06-12T10:02:22+08:00][sql] CONNECT:[ UseTime:0.018305s ] mysql:host=localhost;port=3306;dbname=course;charset=utf8
[2021-06-12T10:02:22+08:00][sql] SELECT * FROM `course` [ RunTime:0.001647s ]
[2021-06-12T10:09:03+08:00][sql] CONNECT:[ UseTime:0.012303s ] mysql:host=localhost;port=3306;dbname=course;charset=utf8
[2021-06-12T10:09:03+08:00][sql] SELECT * FROM `course` [ RunTime:0.000471s ]
[2021-06-12T10:09:09+08:00][sql] CONNECT:[ UseTime:0.019859s ] mysql:host=localhost;port=3306;dbname=course;charset=utf8
[2021-06-12T10:09:09+08:00][sql] SELECT * FROM `admin_user` [ RunTime:0.000332s ]
[2021-06-12T10:09:15+08:00][sql] CONNECT:[ UseTime:0.011938s ] mysql:host=localhost;port=3306;dbname=course;charset=utf8
[2021-06-12T10:09:15+08:00][sql] SELECT * FROM `course` [ RunTime:0.000609s ]
[2021-06-12T10:09:25+08:00][sql] CONNECT:[ UseTime:0.001182s ] mysql:host=localhost;port=3306;dbname=course;charset=utf8
[2021-06-12T10:09:25+08:00][sql] SELECT * FROM `course` [ RunTime:0.000243s ]
[2021-06-12T10:10:04+08:00][sql] CONNECT:[ UseTime:0.024782s ] mysql:host=localhost;port=3306;dbname=course;charset=utf8
[2021-06-12T10:10:04+08:00][sql] SELECT * FROM `admin_user` [ RunTime:0.000377s ]
[2021-06-12T10:10:18+08:00][sql] CONNECT:[ UseTime:0.012937s ] mysql:host=localhost;port=3306;dbname=course;charset=utf8
[2021-06-12T10:10:18+08:00][sql] SELECT * FROM `course` [ RunTime:0.000349s ]
[2021-06-12T10:10:20+08:00][sql] CONNECT:[ UseTime:0.023531s ] mysql:host=localhost;port=3306;dbname=course;charset=utf8
[2021-06-12T10:10:20+08:00][sql] SELECT * FROM `admin_user` [ RunTime:0.000382s ]
[2021-06-12T10:21:10+08:00][sql] CONNECT:[ UseTime:0.011214s ] mysql:host=localhost;port=3306;dbname=course;charset=utf8
[2021-06-12T10:21:10+08:00][sql] SELECT * FROM `course` [ RunTime:0.000504s ]
[2021-06-12T11:07:15+08:00][sql] CONNECT:[ UseTime:0.020563s ] mysql:host=localhost;port=3306;dbname=course;charset=utf8
[2021-06-12T11:07:15+08:00][sql] SELECT * FROM `admin_user` [ RunTime:0.000547s ]
[2021-06-12T11:08:39+08:00][sql] CONNECT:[ UseTime:0.010374s ] mysql:host=localhost;port=3306;dbname=course;charset=utf8
[2021-06-12T11:08:39+08:00][sql] SELECT * FROM `admin_user` [ RunTime:0.000379s ]
[2021-06-12T11:08:40+08:00][sql] CONNECT:[ UseTime:0.016067s ] mysql:host=localhost;port=3306;dbname=course;charset=utf8
[2021-06-12T11:08:40+08:00][sql] SELECT * FROM `admin_user` [ RunTime:0.000400s ]
[2021-06-12T13:52:14+08:00][sql] CONNECT:[ UseTime:0.023788s ] mysql:host=localhost;port=3306;dbname=course;charset=utf8
[2021-06-12T13:52:14+08:00][sql] SELECT * FROM `admin_user` WHERE  `name` = 'admin' LIMIT 1 [ RunTime:0.002922s ]
[2021-06-12T13:52:14+08:00][sql] SELECT * FROM `admin_user` WHERE  `id` = 1 LIMIT 1 [ RunTime:0.000397s ]
[2021-06-12T13:52:14+08:00][sql] UPDATE `admin_user`  SET `lastlogin` = '2021-06-12 13:52:14'  WHERE  `id` = 1 [ RunTime:0.001739s ]
[2021-06-12T13:52:17+08:00][sql] CONNECT:[ UseTime:0.026271s ] mysql:host=localhost;port=3306;dbname=course;charset=utf8
[2021-06-12T13:52:17+08:00][sql] SELECT * FROM `admin_user` [ RunTime:0.000527s ]
[2021-06-12T13:52:18+08:00][sql] CONNECT:[ UseTime:0.023672s ] mysql:host=localhost;port=3306;dbname=course;charset=utf8
[2021-06-12T13:52:18+08:00][sql] SELECT * FROM `course` [ RunTime:0.000545s ]
[2021-06-12T13:52:39+08:00][sql] CONNECT:[ UseTime:0.025056s ] mysql:host=localhost;port=3306;dbname=course;charset=utf8
[2021-06-12T13:52:39+08:00][sql] SELECT * FROM `course` [ RunTime:0.000416s ]
[2021-06-12T13:52:40+08:00][sql] CONNECT:[ UseTime:0.018912s ] mysql:host=localhost;port=3306;dbname=course;charset=utf8
[2021-06-12T13:52:40+08:00][sql] SELECT * FROM `course` [ RunTime:0.000520s ]
[2021-06-12T13:52:40+08:00][sql] CONNECT:[ UseTime:0.010724s ] mysql:host=localhost;port=3306;dbname=course;charset=utf8
[2021-06-12T13:52:40+08:00][sql] SELECT * FROM `course` [ RunTime:0.000367s ]
[2021-06-12T13:52:41+08:00][sql] CONNECT:[ UseTime:0.019624s ] mysql:host=localhost;port=3306;dbname=course;charset=utf8
[2021-06-12T13:52:41+08:00][sql] SELECT * FROM `course` [ RunTime:0.000330s ]
[2021-06-12T13:52:41+08:00][sql] CONNECT:[ UseTime:0.020037s ] mysql:host=localhost;port=3306;dbname=course;charset=utf8
[2021-06-12T13:52:41+08:00][sql] SELECT * FROM `course` [ RunTime:0.002351s ]
[2021-06-12T13:52:42+08:00][sql] CONNECT:[ UseTime:0.014493s ] mysql:host=localhost;port=3306;dbname=course;charset=utf8
[2021-06-12T13:52:42+08:00][sql] SELECT * FROM `course` [ RunTime:0.000382s ]
[2021-06-12T13:54:37+08:00][sql] CONNECT:[ UseTime:0.013961s ] mysql:host=localhost;port=3306;dbname=course;charset=utf8
[2021-06-12T13:54:37+08:00][sql] SELECT * FROM `course` [ RunTime:0.000750s ]
[2021-06-12T13:54:38+08:00][sql] CONNECT:[ UseTime:0.025094s ] mysql:host=localhost;port=3306;dbname=course;charset=utf8
[2021-06-12T13:54:38+08:00][sql] SELECT * FROM `course` [ RunTime:0.000599s ]
[2021-06-12T13:54:39+08:00][sql] CONNECT:[ UseTime:0.012034s ] mysql:host=localhost;port=3306;dbname=course;charset=utf8
[2021-06-12T13:54:39+08:00][sql] SELECT * FROM `admin_user` [ RunTime:0.000431s ]
[2021-06-12T13:54:40+08:00][sql] CONNECT:[ UseTime:0.021496s ] mysql:host=localhost;port=3306;dbname=course;charset=utf8
[2021-06-12T13:54:40+08:00][sql] SELECT * FROM `course` [ RunTime:0.000525s ]
[2021-06-12T14:02:19+08:00][sql] CONNECT:[ UseTime:0.013576s ] mysql:host=localhost;port=3306;dbname=course;charset=utf8
[2021-06-12T14:02:19+08:00][sql] SELECT * FROM `course` [ RunTime:0.000512s ]
[2021-06-12T14:02:20+08:00][sql] CONNECT:[ UseTime:0.018556s ] mysql:host=localhost;port=3306;dbname=course;charset=utf8
[2021-06-12T14:02:20+08:00][sql] SELECT * FROM `course` [ RunTime:0.000547s ]
[2021-06-12T14:07:02+08:00][sql] CONNECT:[ UseTime:0.012609s ] mysql:host=localhost;port=3306;dbname=course;charset=utf8
[2021-06-12T14:07:02+08:00][sql] SELECT * FROM `course` [ RunTime:0.000474s ]
[2021-06-12T14:07:03+08:00][sql] CONNECT:[ UseTime:0.013944s ] mysql:host=localhost;port=3306;dbname=course;charset=utf8
[2021-06-12T14:07:03+08:00][sql] SELECT * FROM `course` [ RunTime:0.000482s ]
[2021-06-12T14:07:04+08:00][sql] CONNECT:[ UseTime:0.016719s ] mysql:host=localhost;port=3306;dbname=course;charset=utf8
[2021-06-12T14:07:04+08:00][sql] SELECT * FROM `course` [ RunTime:0.000411s ]
[2021-06-12T14:07:04+08:00][sql] CONNECT:[ UseTime:0.015295s ] mysql:host=localhost;port=3306;dbname=course;charset=utf8
[2021-06-12T14:07:04+08:00][sql] SELECT * FROM `course` [ RunTime:0.000411s ]
[2021-06-12T14:07:05+08:00][sql] CONNECT:[ UseTime:0.016839s ] mysql:host=localhost;port=3306;dbname=course;charset=utf8
[2021-06-12T14:07:05+08:00][sql] SELECT * FROM `course` [ RunTime:0.000348s ]
[2021-06-12T14:07:06+08:00][sql] CONNECT:[ UseTime:0.014045s ] mysql:host=localhost;port=3306;dbname=course;charset=utf8
[2021-06-12T14:07:06+08:00][sql] SELECT * FROM `admin_user` [ RunTime:0.000431s ]
[2021-06-12T14:07:07+08:00][sql] CONNECT:[ UseTime:0.023428s ] mysql:host=localhost;port=3306;dbname=course;charset=utf8
[2021-06-12T14:07:07+08:00][sql] SELECT * FROM `course` [ RunTime:0.000479s ]
[2021-06-12T14:07:36+08:00][sql] CONNECT:[ UseTime:0.025458s ] mysql:host=localhost;port=3306;dbname=course;charset=utf8
[2021-06-12T14:07:36+08:00][error] [10501]SQLSTATE[42S22]: Column not found: 1054 Unknown column 'coursename' in 'where clause'[D:\DevTools\phpstudy_pro\WWW\tp\vendor\topthink\think-orm\src\db\PDOConnection.php:795]
[2021-06-12T14:07:54+08:00][sql] CONNECT:[ UseTime:0.022387s ] mysql:host=localhost;port=3306;dbname=course;charset=utf8
[2021-06-12T14:07:54+08:00][sql] SELECT * FROM `course` [ RunTime:0.000418s ]
[2021-06-12T14:08:24+08:00][sql] CONNECT:[ UseTime:0.018021s ] mysql:host=localhost;port=3306;dbname=course;charset=utf8
[2021-06-12T14:08:24+08:00][sql] SELECT * FROM `course` [ RunTime:0.000396s ]
[2021-06-12T14:08:26+08:00][sql] CONNECT:[ UseTime:0.003452s ] mysql:host=localhost;port=3306;dbname=course;charset=utf8
[2021-06-12T14:08:26+08:00][sql] SELECT * FROM `course` [ RunTime:0.000464s ]
[2021-06-12T14:08:29+08:00][error] [10500]method not exist:think\db\Query->delCour[D:\DevTools\phpstudy_pro\WWW\tp\vendor\topthink\think-orm\src\db\BaseQuery.php:117]
[2021-06-12T14:08:29+08:00][error] [10500]method not exist:think\db\Query->delCour[D:\DevTools\phpstudy_pro\WWW\tp\vendor\topthink\think-orm\src\db\BaseQuery.php:117]
[2021-06-12T14:08:30+08:00][error] [10500]method not exist:think\db\Query->delCour[D:\DevTools\phpstudy_pro\WWW\tp\vendor\topthink\think-orm\src\db\BaseQuery.php:117]
[2021-06-12T14:08:31+08:00][error] [10500]method not exist:think\db\Query->delCour[D:\DevTools\phpstudy_pro\WWW\tp\vendor\topthink\think-orm\src\db\BaseQuery.php:117]
[2021-06-12T14:08:31+08:00][error] [10500]method not exist:think\db\Query->delCour[D:\DevTools\phpstudy_pro\WWW\tp\vendor\topthink\think-orm\src\db\BaseQuery.php:117]
[2021-06-12T14:08:31+08:00][error] [10500]method not exist:think\db\Query->delCour[D:\DevTools\phpstudy_pro\WWW\tp\vendor\topthink\think-orm\src\db\BaseQuery.php:117]
[2021-06-12T14:09:18+08:00][error] [10500]method not exist:think\db\Query->delCour[D:\DevTools\phpstudy_pro\WWW\tp\vendor\topthink\think-orm\src\db\BaseQuery.php:117]
[2021-06-12T14:09:19+08:00][error] [10500]method not exist:think\db\Query->delCour[D:\DevTools\phpstudy_pro\WWW\tp\vendor\topthink\think-orm\src\db\BaseQuery.php:117]
[2021-06-12T14:10:38+08:00][sql] CONNECT:[ UseTime:0.022990s ] mysql:host=localhost;port=3306;dbname=course;charset=utf8
[2021-06-12T14:10:38+08:00][error] [10501]SQLSTATE[42S22]: Column not found: 1054 Unknown column 'coursename' in 'where clause'[D:\DevTools\phpstudy_pro\WWW\tp\vendor\topthink\think-orm\src\db\PDOConnection.php:795]
[2021-06-12T14:10:40+08:00][sql] CONNECT:[ UseTime:0.014866s ] mysql:host=localhost;port=3306;dbname=course;charset=utf8
[2021-06-12T14:10:40+08:00][sql] SELECT * FROM `course` [ RunTime:0.000469s ]
[2021-06-12T14:10:46+08:00][sql] CONNECT:[ UseTime:0.019843s ] mysql:host=localhost;port=3306;dbname=course;charset=utf8
[2021-06-12T14:10:46+08:00][error] [10501]SQLSTATE[42S22]: Column not found: 1054 Unknown column 'coursename' in 'where clause'[D:\DevTools\phpstudy_pro\WWW\tp\vendor\topthink\think-orm\src\db\PDOConnection.php:795]
[2021-06-12T14:10:53+08:00][sql] CONNECT:[ UseTime:0.012177s ] mysql:host=localhost;port=3306;dbname=course;charset=utf8
[2021-06-12T14:10:53+08:00][sql] SELECT * FROM `course` [ RunTime:0.000486s ]
[2021-06-12T14:13:19+08:00][sql] CONNECT:[ UseTime:0.019755s ] mysql:host=localhost;port=3306;dbname=course;charset=utf8
[2021-06-12T14:13:19+08:00][sql] SELECT * FROM `course` [ RunTime:0.000393s ]
[2021-06-12T14:13:23+08:00][error] [10500]method not exist:think\db\Query->delCour[D:\DevTools\phpstudy_pro\WWW\tp\vendor\topthink\think-orm\src\db\BaseQuery.php:117]
[2021-06-12T14:13:23+08:00][error] [10500]method not exist:think\db\Query->delCour[D:\DevTools\phpstudy_pro\WWW\tp\vendor\topthink\think-orm\src\db\BaseQuery.php:117]
[2021-06-12T14:13:23+08:00][error] [10500]method not exist:think\db\Query->delCour[D:\DevTools\phpstudy_pro\WWW\tp\vendor\topthink\think-orm\src\db\BaseQuery.php:117]
[2021-06-12T14:13:24+08:00][error] [10500]method not exist:think\db\Query->delCour[D:\DevTools\phpstudy_pro\WWW\tp\vendor\topthink\think-orm\src\db\BaseQuery.php:117]
[2021-06-12T14:13:29+08:00][error] [10500]method not exist:think\db\Query->delCour[D:\DevTools\phpstudy_pro\WWW\tp\vendor\topthink\think-orm\src\db\BaseQuery.php:117]
[2021-06-12T14:14:58+08:00][sql] CONNECT:[ UseTime:0.011869s ] mysql:host=localhost;port=3306;dbname=course;charset=utf8
[2021-06-12T14:14:58+08:00][sql] SELECT * FROM `course` [ RunTime:0.000663s ]
[2021-06-12T14:15:00+08:00][sql] CONNECT:[ UseTime:0.014274s ] mysql:host=localhost;port=3306;dbname=course;charset=utf8
[2021-06-12T14:15:00+08:00][sql] SELECT * FROM `course` WHERE  `id` = 3 LIMIT 1 [ RunTime:0.000547s ]
[2021-06-12T14:15:00+08:00][sql] DELETE FROM `course` WHERE  `id` = 3 [ RunTime:0.000383s ]
[2021-06-12T14:15:01+08:00][sql] CONNECT:[ UseTime:0.003326s ] mysql:host=localhost;port=3306;dbname=course;charset=utf8
[2021-06-12T14:15:01+08:00][sql] SELECT * FROM `course` [ RunTime:0.000854s ]
[2021-06-12T14:15:19+08:00][sql] CONNECT:[ UseTime:0.021766s ] mysql:host=localhost;port=3306;dbname=course;charset=utf8
[2021-06-12T14:15:19+08:00][sql] SELECT * FROM `admin_user` WHERE  `id` = 1 LIMIT 1 [ RunTime:0.000477s ]
[2021-06-12T14:20:53+08:00][sql] CONNECT:[ UseTime:0.001098s ] mysql:host=localhost;port=3306;dbname=course;charset=utf8
[2021-06-12T14:20:53+08:00][sql] SELECT * FROM `course` [ RunTime:0.000443s ]
[2021-06-12T14:21:15+08:00][sql] CONNECT:[ UseTime:0.021967s ] mysql:host=localhost;port=3306;dbname=course;charset=utf8
[2021-06-12T14:21:15+08:00][error] [10501]SQLSTATE[42S22]: Column not found: 1054 Unknown column 'coursename' in 'where clause'[D:\DevTools\phpstudy_pro\WWW\tp\vendor\topthink\think-orm\src\db\PDOConnection.php:795]
[2021-06-12T14:21:18+08:00][sql] CONNECT:[ UseTime:0.014294s ] mysql:host=localhost;port=3306;dbname=course;charset=utf8
[2021-06-12T14:21:18+08:00][sql] SELECT * FROM `course` [ RunTime:0.000428s ]
[2021-06-12T14:23:13+08:00][sql] CONNECT:[ UseTime:0.024332s ] mysql:host=localhost;port=3306;dbname=course;charset=utf8
[2021-06-12T14:23:13+08:00][sql] SELECT * FROM `course` [ RunTime:0.000405s ]
[2021-06-12T14:23:15+08:00][sql] CONNECT:[ UseTime:0.017191s ] mysql:host=localhost;port=3306;dbname=course;charset=utf8
[2021-06-12T14:23:15+08:00][sql] SELECT * FROM `course` [ RunTime:0.000457s ]
[2021-06-12T14:23:33+08:00][sql] CONNECT:[ UseTime:0.018585s ] mysql:host=localhost;port=3306;dbname=course;charset=utf8
[2021-06-12T14:23:33+08:00][sql] SELECT * FROM `course` WHERE  `id` = 2 LIMIT 1 [ RunTime:0.000574s ]
[2021-06-12T14:23:33+08:00][sql] DELETE FROM `course` WHERE  `id` = 2 [ RunTime:0.000358s ]
[2021-06-12T14:23:34+08:00][sql] CONNECT:[ UseTime:0.018154s ] mysql:host=localhost;port=3306;dbname=course;charset=utf8
[2021-06-12T14:23:34+08:00][sql] SELECT * FROM `course` [ RunTime:0.000480s ]
[2021-06-12T14:26:38+08:00][sql] CONNECT:[ UseTime:0.015578s ] mysql:host=localhost;port=3306;dbname=course;charset=utf8
[2021-06-12T14:26:38+08:00][sql] SELECT * FROM `admin_user` [ RunTime:0.000514s ]
[2021-06-12T14:27:55+08:00][sql] CONNECT:[ UseTime:0.013629s ] mysql:host=localhost;port=3306;dbname=course;charset=utf8
[2021-06-12T14:27:55+08:00][sql] SELECT * FROM `course` [ RunTime:0.000418s ]
[2021-06-12T14:27:56+08:00][sql] CONNECT:[ UseTime:0.018820s ] mysql:host=localhost;port=3306;dbname=course;charset=utf8
[2021-06-12T14:27:56+08:00][sql] SELECT * FROM `course` [ RunTime:0.000736s ]
[2021-06-12T14:27:59+08:00][sql] CONNECT:[ UseTime:0.017411s ] mysql:host=localhost;port=3306;dbname=course;charset=utf8
[2021-06-12T14:27:59+08:00][error] [10501]SQLSTATE[42S22]: Column not found: 1054 Unknown column 'coursename' in 'where clause'[D:\DevTools\phpstudy_pro\WWW\tp\vendor\topthink\think-orm\src\db\PDOConnection.php:795]
[2021-06-12T14:30:19+08:00][sql] CONNECT:[ UseTime:0.018297s ] mysql:host=localhost;port=3306;dbname=course;charset=utf8
[2021-06-12T14:30:19+08:00][error] [10501]SQLSTATE[42S22]: Column not found: 1054 Unknown column 'coursename' in 'where clause'[D:\DevTools\phpstudy_pro\WWW\tp\vendor\topthink\think-orm\src\db\PDOConnection.php:795]
[2021-06-12T14:30:31+08:00][sql] CONNECT:[ UseTime:0.012099s ] mysql:host=localhost;port=3306;dbname=course;charset=utf8
[2021-06-12T14:30:31+08:00][sql] SELECT * FROM `course` [ RunTime:0.000630s ]
[2021-06-12T14:30:33+08:00][sql] CONNECT:[ UseTime:0.022523s ] mysql:host=localhost;port=3306;dbname=course;charset=utf8
[2021-06-12T14:30:33+08:00][error] [10501]SQLSTATE[42S22]: Column not found: 1054 Unknown column 'coursename' in 'where clause'[D:\DevTools\phpstudy_pro\WWW\tp\vendor\topthink\think-orm\src\db\PDOConnection.php:795]
[2021-06-12T14:35:42+08:00][sql] CONNECT:[ UseTime:0.010776s ] mysql:host=localhost;port=3306;dbname=course;charset=utf8
[2021-06-12T14:35:42+08:00][sql] SELECT * FROM `course` [ RunTime:0.000481s ]
[2021-06-12T14:37:26+08:00][sql] CONNECT:[ UseTime:0.025961s ] mysql:host=localhost;port=3306;dbname=course;charset=utf8
[2021-06-12T14:37:26+08:00][sql] SELECT * FROM `course` [ RunTime:0.000394s ]
[2021-06-12T14:37:29+08:00][sql] CONNECT:[ UseTime:0.013589s ] mysql:host=localhost;port=3306;dbname=course;charset=utf8
[2021-06-12T14:37:29+08:00][sql] SELECT * FROM `course` WHERE  `coursename` LIKE '%a%' [ RunTime:0.000535s ]
[2021-06-12T14:37:34+08:00][sql] CONNECT:[ UseTime:0.024577s ] mysql:host=localhost;port=3306;dbname=course;charset=utf8
[2021-06-12T14:37:34+08:00][sql] SELECT * FROM `course` WHERE  `coursename` LIKE '%数学%' [ RunTime:0.000500s ]
[2021-06-12T14:39:19+08:00][sql] CONNECT:[ UseTime:0.003337s ] mysql:host=localhost;port=3306;dbname=course;charset=utf8
[2021-06-12T14:39:19+08:00][sql] SELECT * FROM `course` [ RunTime:0.000427s ]
[2021-06-12T14:39:35+08:00][sql] CONNECT:[ UseTime:0.010151s ] mysql:host=localhost;port=3306;dbname=course;charset=utf8
[2021-06-12T14:39:35+08:00][sql] SELECT * FROM `course` WHERE  `coursename` LIKE '%数学%' [ RunTime:0.000422s ]
[2021-06-12T14:43:02+08:00][sql] CONNECT:[ UseTime:0.004141s ] mysql:host=localhost;port=3306;dbname=course;charset=utf8
[2021-06-12T14:43:02+08:00][sql] SELECT * FROM `admin_user` WHERE  `name` = 'admin' LIMIT 1 [ RunTime:0.000657s ]
[2021-06-12T14:43:02+08:00][sql] SELECT * FROM `admin_user` WHERE  `id` = 1 LIMIT 1 [ RunTime:0.000215s ]
[2021-06-12T14:43:02+08:00][sql] UPDATE `admin_user`  SET `lastlogin` = '2021-06-12 14:43:02'  WHERE  `id` = 1 [ RunTime:0.000261s ]
[2021-06-12T14:43:05+08:00][sql] CONNECT:[ UseTime:0.003748s ] mysql:host=localhost;port=3306;dbname=course;charset=utf8
[2021-06-12T14:43:05+08:00][sql] SELECT * FROM `course` [ RunTime:0.000411s ]
[2021-06-12T14:44:51+08:00][sql] CONNECT:[ UseTime:0.020667s ] mysql:host=localhost;port=3306;dbname=course;charset=utf8
[2021-06-12T14:44:51+08:00][sql] SELECT * FROM `admin_user` WHERE  `name` = 'admin' LIMIT 1 [ RunTime:0.002013s ]
[2021-06-12T14:44:51+08:00][sql] SELECT * FROM `admin_user` WHERE  `id` = 1 LIMIT 1 [ RunTime:0.000357s ]
[2021-06-12T14:44:51+08:00][sql] UPDATE `admin_user`  SET `lastlogin` = '2021-06-12 14:44:51'  WHERE  `id` = 1 [ RunTime:0.003218s ]
[2021-06-12T14:44:54+08:00][sql] CONNECT:[ UseTime:0.018198s ] mysql:host=localhost;port=3306;dbname=course;charset=utf8
[2021-06-12T14:44:54+08:00][sql] SELECT * FROM `course` [ RunTime:0.000395s ]
[2021-06-12T14:49:19+08:00][sql] CONNECT:[ UseTime:0.001221s ] mysql:host=localhost;port=3306;dbname=course;charset=utf8
[2021-06-12T14:49:19+08:00][sql] SELECT * FROM `course` [ RunTime:0.000414s ]
[2021-06-12T14:49:19+08:00][sql] CONNECT:[ UseTime:0.014285s ] mysql:host=localhost;port=3306;dbname=course;charset=utf8
[2021-06-12T14:49:19+08:00][sql] SELECT * FROM `admin_user` [ RunTime:0.000389s ]
[2021-06-12T14:49:20+08:00][sql] CONNECT:[ UseTime:0.021670s ] mysql:host=localhost;port=3306;dbname=course;charset=utf8
[2021-06-12T14:49:20+08:00][sql] SELECT * FROM `course` [ RunTime:0.000399s ]
[2021-06-12T14:49:22+08:00][sql] CONNECT:[ UseTime:0.021043s ] mysql:host=localhost;port=3306;dbname=course;charset=utf8
[2021-06-12T14:49:22+08:00][sql] SELECT * FROM `admin_user` [ RunTime:0.000382s ]
[2021-06-12T14:49:23+08:00][sql] CONNECT:[ UseTime:0.018977s ] mysql:host=localhost;port=3306;dbname=course;charset=utf8
[2021-06-12T14:49:23+08:00][sql] SELECT * FROM `course` [ RunTime:0.000385s ]
[2021-06-12T14:50:15+08:00][sql] CONNECT:[ UseTime:0.011663s ] mysql:host=localhost;port=3306;dbname=course;charset=utf8
[2021-06-12T14:50:15+08:00][sql] SELECT * FROM `course` [ RunTime:0.000462s ]
