[2021-05-26T09:14:37+08:00][error] [0]语法错误: unexpected 'protected' (T_PROTECTED), expecting ',' or ';'[E:\tp\app\BaseController.php:74]
[2021-05-26T09:41:09+08:00][error] [0]语法错误: unexpected 'protected' (T_PROTECTED)[E:\tp\app\admin\controller\Login.php:14]
[2021-05-26T09:41:26+08:00][error] [0]语法错误: unexpected '}'[E:\tp\app\admin\controller\Login.php:29]
[2021-05-26T09:57:20+08:00][error] [0]语法错误: unexpected 'return' (T_RETURN), expecting ';'[E:\tp\app\admin\controller\Login.php:38]
[2021-05-26T09:57:28+08:00][error] [0]语法错误: unexpected '}', expecting ';'[E:\tp\app\admin\controller\Login.php:39]
[2021-05-26T11:27:53+08:00][error] [0]Class 'app\admin\controller\User' not found[E:\tp\app\admin\controller\Login.php:40]
[2021-05-26T11:29:50+08:00][error] [0]Class 'app\model\User' not found[E:\tp\app\admin\controller\Login.php:41]
[2021-05-26T11:33:12+08:00][error] [0]语法错误: unexpected 'select_by_name' (T_STRING), expecting function (T_FUNCTION) or const (T_CONST)[E:\tp\app\admin\model\User.php:16]
[2021-05-26T11:33:48+08:00][error] [0]语法错误: unexpected 'select_by_name' (T_STRING), expecting function (T_FUNCTION) or const (T_CONST)[E:\tp\app\admin\model\User.php:16]
[2021-05-26T11:36:08+08:00][error] [0]语法错误: unexpected 'select_by_name' (T_STRING), expecting function (T_FUNCTION) or const (T_CONST)[E:\tp\app\admin\model\User.php:16]
[2021-05-26T11:39:33+08:00][error] [0]Class 'app\admin\model\User' not found[E:\tp\app\admin\controller\Login.php:41]
[2021-05-26T11:40:13+08:00][error] [0]Class 'app\admin\model\User' not found[E:\tp\app\admin\controller\Login.php:41]
[2021-05-26T11:40:31+08:00][error] [0]Class 'app\admin\model\User' not found[E:\tp\app\admin\controller\Login.php:41]
[2021-05-26T11:41:59+08:00][sql] CONNECT:[ UseTime:0.002447s ] mysql:host=localhost;port=3306;dbname=course;charset=utf8
[2021-05-26T11:41:59+08:00][sql] SELECT * FROM `admin_user` WHERE  `name` = 'admin' LIMIT 1 [ RunTime:0.000414s ]
[2021-05-26T11:41:59+08:00][error] [10500]method not exist:think\db\Query->add_lastLogin[E:\tp\vendor\topthink\think-orm\src\db\BaseQuery.php:117]
[2021-05-26T11:48:17+08:00][sql] CONNECT:[ UseTime:0.010282s ] mysql:host=localhost;port=3306;dbname=course;charset=utf8
[2021-05-26T11:48:17+08:00][sql] SELECT * FROM `admin_user` WHERE  `name` = 'admin' LIMIT 1 [ RunTime:0.000394s ]
[2021-05-26T11:48:17+08:00][sql] SELECT * FROM `admin_user` WHERE  `id` = 1 LIMIT 1 [ RunTime:0.000274s ]
[2021-05-26T11:48:17+08:00][sql] UPDATE `admin_user`  SET `lastlogin` = '2021-05-26 11:48:17'  WHERE  `id` = 1 [ RunTime:0.000268s ]
[2021-05-26T11:48:18+08:00][error] [0]语法错误: unexpected 'view' (T_STRING)[E:\tp\app\admin\controller\Index.php:18]
